<?xml version="1.0" encoding="UTF-8"?>
<testng-results ignored="0" total="1" passed="1" failed="0" skipped="0">
  <reporter-output>
  </reporter-output>
  <suite started-at="2024-06-14T20:49:07 EDT" name="Surefire suite" finished-at="2024-06-14T20:49:12 EDT" duration-ms="5044">
    <groups>
      <group name="cucumber">
        <method signature="AbstractTestNGCucumberTests.runScenario(io.cucumber.testng.PickleWrapper,io.cucumber.testng.FeatureWrapper)[pri:0, instance:com.chromatech.runners.RunTest@212bf671]" name="runScenario" class="io.cucumber.testng.AbstractTestNGCucumberTests"/>
      </group> <!-- cucumber -->
    </groups>
    <test started-at="2024-06-14T20:49:07 EDT" name="Surefire test" finished-at="2024-06-14T20:49:12 EDT" duration-ms="5044">
      <class name="com.chromatech.runners.RunTest">
        <test-method is-config="true" signature="setUpClass(org.testng.ITestContext)[pri:0, instance:com.chromatech.runners.RunTest@212bf671]" started-at="2024-06-14T20:49:07 EDT" name="setUpClass" finished-at="2024-06-14T20:49:08 EDT" duration-ms="202" status="PASS">
          <params>
            <param index="0">
              <value>
                <![CDATA[org.testng.TestRunner@6d025d1d]]>
              </value>
            </param>
          </params>
          <reporter-output>
          </reporter-output>
        </test-method> <!-- setUpClass -->
        <test-method signature="runScenario(io.cucumber.testng.PickleWrapper,io.cucumber.testng.FeatureWrapper)[pri:0, instance:com.chromatech.runners.RunTest@212bf671]" started-at="2024-06-14T20:49:08 EDT" name="runScenario" description="Runs Cucumber Scenarios" data-provider="scenarios" finished-at="2024-06-14T20:49:12 EDT" duration-ms="4804" status="PASS">
          <params>
            <param index="0">
              <value>
                <![CDATA["My first test case"]]>
              </value>
            </param>
            <param index="1">
              <value>
                <![CDATA["My first feature file"]]>
              </value>
            </param>
          </params>
          <reporter-output>
          </reporter-output>
        </test-method> <!-- runScenario -->
        <test-method is-config="true" signature="tearDownClass()[pri:0, instance:com.chromatech.runners.RunTest@212bf671]" started-at="2024-06-14T20:49:12 EDT" name="tearDownClass" finished-at="2024-06-14T20:49:12 EDT" duration-ms="26" status="PASS">
          <reporter-output>
          </reporter-output>
        </test-method> <!-- tearDownClass -->
      </class> <!-- com.chromatech.runners.RunTest -->
    </test> <!-- Surefire test -->
  </suite> <!-- Surefire suite -->
</testng-results>
