<?xml version="1.0" encoding="UTF-8"?>
<testng-results ignored="0" total="1" passed="1" failed="0" skipped="0">
  <reporter-output>
  </reporter-output>
  <suite started-at="2024-07-01T20:47:02 EDT" name="Surefire suite" finished-at="2024-07-01T20:47:06 EDT" duration-ms="3673">
    <groups>
      <group name="cucumber">
        <method signature="AbstractTestNGCucumberTests.runScenario(io.cucumber.testng.PickleWrapper,io.cucumber.testng.FeatureWrapper)[pri:0, instance:com.chromatech.runners.RunTest@212bf671]" name="runScenario" class="io.cucumber.testng.AbstractTestNGCucumberTests"/>
      </group> <!-- cucumber -->
    </groups>
    <test started-at="2024-07-01T20:47:02 EDT" name="Surefire test" finished-at="2024-07-01T20:47:06 EDT" duration-ms="3673">
      <class name="com.chromatech.runners.RunTest">
        <test-method is-config="true" signature="setUpClass(org.testng.ITestContext)[pri:0, instance:com.chromatech.runners.RunTest@212bf671]" started-at="2024-07-01T20:47:02 EDT" name="setUpClass" finished-at="2024-07-01T20:47:02 EDT" duration-ms="215" status="PASS">
          <params>
            <param index="0">
              <value>
                <![CDATA[org.testng.TestRunner@61a1ea2c]]>
              </value>
            </param>
          </params>
          <reporter-output>
          </reporter-output>
        </test-method> <!-- setUpClass -->
        <test-method signature="runScenario(io.cucumber.testng.PickleWrapper,io.cucumber.testng.FeatureWrapper)[pri:0, instance:com.chromatech.runners.RunTest@212bf671]" started-at="2024-07-01T20:47:02 EDT" name="runScenario" description="Runs Cucumber Scenarios" data-provider="scenarios" finished-at="2024-07-01T20:47:06 EDT" duration-ms="3428" status="PASS">
          <params>
            <param index="0">
              <value>
                <![CDATA["My first test case"]]>
              </value>
            </param>
            <param index="1">
              <value>
                <![CDATA["My first feature file"]]>
              </value>
            </param>
          </params>
          <reporter-output>
          </reporter-output>
        </test-method> <!-- runScenario -->
        <test-method is-config="true" signature="tearDownClass()[pri:0, instance:com.chromatech.runners.RunTest@212bf671]" started-at="2024-07-01T20:47:06 EDT" name="tearDownClass" finished-at="2024-07-01T20:47:06 EDT" duration-ms="19" status="PASS">
          <reporter-output>
          </reporter-output>
        </test-method> <!-- tearDownClass -->
      </class> <!-- com.chromatech.runners.RunTest -->
    </test> <!-- Surefire test -->
  </suite> <!-- Surefire suite -->
</testng-results>
